'p' 'y'Key.space'm'Key.tabKey.tabKey.tabKey.tab
[enter]
'*'Key.enterKey.backspaceKey.backspaceKey.ctrl_lKey.ctrl_lKey.ctrl_lKey.ctrl_lKey.ctrl_lKey.ctrl_lKey.ctrl_lKey.ctrl_lKey.ctrl_lKey.ctrl_lKey.ctrl_lKey.ctrl_lKey.ctrl_lKey.ctrl_lKey.ctrl_lKey.ctrl_lKey.ctrl_lKey.ctrl_lKey.ctrl_lKey.ctrl_lKey.ctrl_lKey.ctrl_lKey.ctrl_lKey.ctrl_lKey.ctrl_lKey.ctrl_lKey.ctrl_lKey.ctrl_lKey.ctrl_lKey.ctrl_lKey.ctrl_lKey.ctrl_lKey.ctrl_lKey.ctrl_lKey.ctrl_lKey.ctrl_lKey.ctrl_lKey.ctrl_lKey.ctrl_lKey.ctrl_lKey.ctrl_l'-'Key.backspaceKey.backspace'p''a''u''s''e''_''s''e''r''v''e''r'
[enter]
Key.enterKey.backspaceKey.backspace'p' 'y'Key.space'm'Key.tabKey.tabKey.tabKey.tab
[enter]
Key.enterKey.ctrl_lKey.ctrl_lKey.ctrl_lKey.ctrl_lKey.ctrl_lKey.ctrl_lKey.ctrl_lKey.ctrl_lKey.ctrl_lKey.ctrl_lKey.ctrl_lKey.ctrl_lKey.ctrl_lKey.ctrl_lKey.ctrl_lKey.ctrl_lKey.ctrl_lKey.ctrl_lKey.ctrl_lKey.ctrl_lKey.ctrl_lKey.ctrl_lKey.ctrl_lKey.ctrl_lKey.ctrl_lKey.ctrl_lKey.ctrl_lKey.ctrl_lKey.ctrl_lKey.ctrl_lKey.ctrl_l'p''a''u''s''e''_''s''e''r''v''e''r'
[enter]
Key.enterKey.upKey.up
[enter]
Key.enter'p''a''u''s''e''_''s''e''r''v''e' 'r'Key.space'p' 'y'Key.space'm'Key.tabKey.tabKey.tabKey.tab
[enter]
Key.enter'p''a''u''s''e''_''s''e''r''v''e''r'
[enter]
Key.enterKey.upKey.up Key.space10
[enter]
Key.enterKey.upKey.upKey.backspaceKey.backspaceKey.backspaceKey.backspaceKey.backspaceKey.backspace
[enter]
Key.enterKey.upKey.upKey.ctrl_l'\x03'Key.ctrl_lKey.ctrl_l'\x03'Key.ctrl_lKey.backspaceKey.backspaceKey.backspaceKey.backspaceKey.backspaceKey.backspaceKey.backspaceKey.backspaceKey.backspaceKey.backspaceKey.backspaceKey.backspaceKey.backspaceKey.backspaceKey.backspaceKey.backspaceKey.backspaceKey.backspaceKey.backspaceKey.backspaceKey.backspaceKey.backspaceKey.backspaceKey.backspaceKey.backspaceKey.backspaceKey.backspaceKey.backspaceKey.backspace
[enter]
Key.enter
[enter]
Key.enterKey.upKey.up
[enter]
Key.enterKey.ctrl_lKey.ctrl_lKey.ctrl_lKey.ctrl_lKey.ctrl_lKey.ctrl_lKey.ctrl_lKey.ctrl_lKey.ctrl_lKey.ctrl_lKey.ctrl_lKey.ctrl_lKey.ctrl_lKey.ctrl_lKey.ctrl_lKey.ctrl_lKey.ctrl_lKey.ctrl_lKey.ctrl_lKey.ctrl_lKey.ctrl_lKey.ctrl_lKey.ctrl_lKey.ctrl_lKey.ctrl_lKey.ctrl_lKey.ctrl_lKey.ctrl_lKey.ctrl_lKey.ctrl_lKey.ctrl_lKey.ctrl_lKey.ctrl_lKey.ctrl_lKey.ctrl_lKey.ctrl_lKey.ctrl_lKey.ctrl_lKey.ctrl_lKey.ctrl_lKey.ctrl_lKey.ctrl_lKey.ctrl_lKey.ctrl_lKey.ctrl_lKey.ctrl_lKey.ctrl_lKey.ctrl_lKey.ctrl_lKey.ctrl_lKey.ctrl_lKey.ctrl_lKey.ctrl_lKey.ctrl_lKey.ctrl_lKey.ctrl_lKey.ctrl_lKey.ctrl_lKey.ctrl_lKey.ctrl_l'\x06'Key.ctrl_l's'Key.ctrl_lKey.ctrl_lKey.ctrl_lKey.ctrl_lKey.ctrl_lKey.ctrl_lKey.ctrl_lKey.ctrl_lKey.ctrl_lKey.ctrl_lKey.ctrl_lKey.ctrl_lKey.ctrl_lKey.ctrl_l'\x06'Key.ctrl_l'e''n'Key.ctrl_lKey.backspaceKey.backspaceKey.ctrl_l'i''n''p''i''u''t'Key.backspaceKey.backspaceKey.backspaceKey.backspace't'
[enter]
Key.enterKey.ctrl_lKey.ctrl_lKey.ctrl_lKey.ctrl_lKey.ctrl_lKey.ctrl_lKey.ctrl_lKey.ctrl_lKey.ctrl_lKey.ctrl_lKey.ctrl_lKey.ctrl_lKey.ctrl_lKey.ctrl_lKey.ctrl_lKey.ctrl_lKey.ctrl_lKey.ctrl_lKey.ctrl_lKey.ctrl_lKey.ctrl_l'\x03'Key.ctrl_lKey.ctrl_lKey.ctrl_lKey.ctrl_lKey.ctrl_lKey.ctrl_lKey.ctrl_lKey.ctrl_lKey.ctrl_lKey.ctrl_lKey.ctrl_l'\x16'Key.ctrl_lKey.ctrl_l'\x16'Key.ctrl_lKey.ctrl_lKey.ctrl_lKey.ctrl_lKey.ctrl_lKey.ctrl_lKey.ctrl_lKey.ctrl_lKey.ctrl_lKey.ctrl_lKey.ctrl_lKey.ctrl_lKey.ctrl_lKey.ctrl_lKey.ctrl_lKey.ctrl_lKey.ctrl_lKey.ctrl_lKey.ctrl_lKey.ctrl_lKey.ctrl_lKey.ctrl_lKey.ctrl_lKey.ctrl_lKey.ctrl_lKey.ctrl_lKey.ctrl_lKey.ctrl_lKey.ctrl_lKey.ctrl_lKey.ctrl_lKey.ctrl_lKey.ctrl_lKey.ctrl_lKey.ctrl_lKey.ctrl_lKey.ctrl_lKey.ctrl_lKey.ctrl_lKey.ctrl_lKey.ctrl_lKey.ctrl_lKey.ctrl_lKey.ctrl_lKey.ctrl_lKey.ctrl_lKey.ctrl_lKey.ctrl_lKey.ctrl_lKey.ctrl_lKey.ctrl_lKey.backspaceKey.backspaceKey.backspaceKey.backspaceKey.ctrl_l'\x18'Key.ctrl_lKey.backspaceKey.backspaceKey.ctrl_l'\x16'Key.ctrl_lKey.tabKey.tabKey.tabKey.tabKey.tabKey.tabKey.tabKey.tabKey.tabKey.tabKey.ctrl_l'\x1a''\x13'Key.ctrl_lKey.ctrl_l'\x13'Key.ctrl_lKey.backspaceKey.backspaceKey.ctrl_l'\x13'Key.ctrl_l'p''y' Key.space'm'Key.tabKey.tabKey.tabKey.tab
[enter]
Key.enter's''t''a''t''u''s''_''s''e''r''v''e''r'
[enter]
Key.enterKey.ctrl_lKey.ctrl_lKey.ctrl_lKey.ctrl_lKey.ctrl_lKey.ctrl_lKey.ctrl_lKey.ctrl_lKey.ctrl_lKey.ctrl_lKey.ctrl_lKey.ctrl_lKey.ctrl_lKey.ctrl_lKey.ctrl_lKey.ctrl_lKey.ctrl_lKey.ctrl_lKey.ctrl_lKey.ctrl_l
[enter]
Key.enterKey.upKey.up
[enter]
Key.enter'p''a''u''s''e''_''s''e''r''v''e''r' Key.space10
[enter]
Key.enterKey.ctrl_lKey.ctrl_lKey.ctrl_lKey.ctrl_lKey.ctrl_lKey.ctrl_lKey.ctrl_lKey.ctrl_lKey.ctrl_lKey.ctrl_lKey.ctrl_lKey.ctrl_lKey.ctrl_lKey.ctrl_lKey.ctrl_lKey.ctrl_lKey.ctrl_lKey.ctrl_lKey.ctrl_lKey.ctrl_lKey.ctrl_lKey.ctrl_lKey.ctrl_lKey.ctrl_lKey.ctrl_lKey.ctrl_lKey.ctrl_lKey.ctrl_lKey.ctrl_lKey.ctrl_lKey.ctrl_lKey.ctrl_lKey.ctrl_lKey.ctrl_lKey.ctrl_lKey.ctrl_lKey.ctrl_lKey.ctrl_lKey.ctrl_lKey.ctrl_lKey.ctrl_lKey.ctrl_lKey.ctrl_lKey.ctrl_lKey.ctrl_lKey.ctrl_lKey.ctrl_lKey.ctrl_lKey.ctrl_lKey.ctrl_lKey.ctrl_lKey.ctrl_lKey.ctrl_lKey.ctrl_lKey.ctrl_lKey.ctrl_lKey.ctrl_lKey.ctrl_lKey.ctrl_lKey.ctrl_lKey.ctrl_lKey.ctrl_lKey.ctrl_lKey.ctrl_lKey.ctrl_lKey.ctrl_lKey.ctrl_lKey.ctrl_lKey.ctrl_lKey.ctrl_lKey.ctrl_lKey.ctrl_lKey.ctrl_lKey.ctrl_lKey.ctrl_lKey.ctrl_lKey.ctrl_lKey.ctrl_lKey.ctrl_lKey.ctrl_lKey.ctrl_lKey.ctrl_lKey.ctrl_lKey.ctrl_lKey.ctrl_lKey.ctrl_lKey.ctrl_lKey.ctrl_lKey.ctrl_lKey.ctrl_lKey.ctrl_lKey.ctrl_lKey.ctrl_lKey.ctrl_lKey.ctrl_lKey.ctrl_lKey.ctrl_lKey.ctrl_lKey.ctrl_lKey.ctrl_lKey.ctrl_lKey.ctrl_lKey.ctrl_lKey.ctrl_lKey.ctrl_lKey.ctrl_lKey.ctrl_lKey.ctrl_lKey.ctrl_lKey.ctrl_lKey.ctrl_lKey.ctrl_lKey.ctrl_lKey.ctrl_lKey.ctrl_lKey.ctrl_lKey.ctrl_lKey.ctrl_lKey.ctrl_lKey.ctrl_lKey.ctrl_lKey.ctrl_lKey.ctrl_lKey.ctrl_lKey.ctrl_lKey.ctrl_lKey.ctrl_lKey.ctrl_lKey.ctrl_lKey.ctrl_lKey.ctrl_lKey.ctrl_lKey.ctrl_lKey.ctrl_lKey.ctrl_lKey.ctrl_lKey.ctrl_lKey.ctrl_lKey.ctrl_lKey.ctrl_lKey.ctrl_lKey.ctrl_lKey.ctrl_lKey.ctrl_lKey.ctrl_lKey.ctrl_lKey.ctrl_lKey.ctrl_lKey.ctrl_lKey.ctrl_lKey.ctrl_lKey.ctrl_lKey.ctrl_lKey.ctrl_lKey.ctrl_lKey.ctrl_lKey.ctrl_lKey.ctrl_lKey.ctrl_lKey.ctrl_lKey.ctrl_lKey.ctrl_lKey.ctrl_lKey.ctrl_lKey.ctrl_lKey.ctrl_lKey.ctrl_l'\x18'Key.ctrl_l
[enter]
Key.enterKey.ctrl_l'\x16'Key.ctrl_lKey.tabKey.tabKey.tabKey.tabKey.tabKey.tabKey.tabKey.tabKey.ctrl_lKey.ctrl_lKey.ctrl_lKey.ctrl_lKey.ctrl_lKey.ctrl_lKey.ctrl_lKey.ctrl_lKey.ctrl_lKey.ctrl_lKey.ctrl_lKey.ctrl_lKey.ctrl_lKey.ctrl_lKey.ctrl_lKey.ctrl_lKey.ctrl_lKey.ctrl_lKey.ctrl_lKey.ctrl_lKey.ctrl_lKey.ctrl_lKey.ctrl_lKey.ctrl_lKey.ctrl_lKey.ctrl_lKey.ctrl_lKey.ctrl_lKey.ctrl_l'\x1a''\x1a''\x1a''\x1a''\x1a''\x1a''\x1a''\x13'Key.ctrl_lKey.ctrl_l'\x13'Key.ctrl_lKey.ctrl_lKey.ctrl_lKey.ctrl_lKey.ctrl_l
[enter]
Key.enter'p''r''i''n''t''(''"''c''o''u''c''o''u'Key.ctrl_l'\x13'Key.ctrl_l'p''y' Key.space'm'Key.tabKey.tabKey.tabKey.tab'p' 'y'Key.space'm'Key.tabKey.tabKey.tabKey.tab'c''m''d'
[enter]
Key.enter'p''t'Key.backspaceKey.backspace'y' Key.space'm'Key.tabKey.tabKey.tabKey.tab
[enter]
Key.enter's''t''t''a''u''s''_''s''e''r''v''e''r'
[enter]
Key.enter's''t''o''p'
[enter]
Key.enter'c''m''d'
[enter]
Key.enter'p''y' Key.space'm'Key.tabKey.tabKey.tabKey.tab
[enter]
Key.enter's''t''o''p'
[enter]
Key.enter'c''m'
[enter]
'd'Key.enter'p''y' Key.space'm'Key.tabKey.tabKey.tabKey.tab
[enter]
Key.enterKey.ctrl_l'\x06'Key.ctrl_lKey.ctrl_l'\x01'Key.ctrl_l's''t''a''t''u''s''_''s''e''r''v''e''r'
[enter]
Key.enter
[enter]
Key.enter'p''r''i''n''t''(''l''i''b''e'Key.backspaceKey.backspaceKey.backspaceKey.backspace'n''e'Key.ctrl_lKey.shiftKey.leftKey.leftKey.shiftKey.ctrl_l'"'Key.rightKey.rightKey.rightKey.rightKey.rightKey.right
[enter]
Key.enter'p''r'
[enter]
Key.enterKey.tabKey.tabKey.ctrl_l'\x13'Key.ctrl_lKey.ctrl_l'\x13'Key.ctrl_l's''t''a''t''u''s' Key.space's'Key.backspaceKey.backspaceKey.backspaceKey.backspace'_''s''e''r''v''e''r'
[enter]
Key.enterKey.upKey.up
[enter]
Key.enterKey.upKey.up
[enter]
Key.enter'"'Key.ctrl_l'\x13''\x13''\x13''\x13'Key.ctrl_lKey.ctrl_l'\x13''\x13''\x13'Key.ctrl_l'c''m''d'Key.ctrl_l'\x1a''\x13'Key.ctrl_l'c''m''d'
[enter]
Key.enter'p''t' Key.space'm'Key.tabKey.tab
[enter]
Key.enter'p''t'Key.backspaceKey.backspace'y' Key.space'm'Key.tabKey.tabKey.tabKey.tab
[enter]
Key.enter's''t''a''t''u''s''_''s''e''r''v''e''r'
[enter]
Key.enterKey.backspaceKey.backspaceKey.ctrl_l'\x13'Key.ctrl_l'c''o''u''c''o''u'Key.backspaceKey.backspaceKey.ctrl_l'\x13''\x13''\x13'Key.ctrl_l
[enter]
Key.enter'p''r''i''n''t''('Key.tabKey.tabKey.ctrl_l'\x13'Key.ctrl_lKey.ctrl_l'\x13'Key.ctrl_l
[enter]
Key.enter'p''r''i''n''t''(''"''-'Key.tabKey.tabKey.ctrl_l'\x03'Key.ctrl_lKey.ctrl_lKey.alt_gr'^'Key.ctrl_lKey.alt_grKey.backspaceKey.backspaceKey.ctrl_lKey.alt_gr'\\'Key.ctrl_lKey.alt_gr'n'Key.ctrl_l'\x03'Key.ctrl_l
[enter]
Key.enterKey.ctrl_l'\x16''\x13'Key.ctrl_l'p' 'y'Key.space'm'Key.tabKey.tabKey.tabKey.tab
[enter]
Key.enter'c''m''d'
[enter]
Key.enter'p''y''y'Key.backspaceKey.backspace Key.space'm'Key.tabKey.tabKey.tabKey.tab
[enter]
Key.enter's''t''t''a''u''s''_''s''e''r''v''e''r'
[enter]
Key.enter
[enter]
Key.enter'i''f' Key.space'='Key.backspaceKey.backspace'l''i'','Key.backspaceKey.backspace'n'Key.backspaceKey.backspace'n''e' Key.space'=''=' Key.spaceKey.caps_lockKey.caps_lock','Key.caps_lockKey.caps_lock'o'Key.backspaceKey.backspaceKey.backspaceKey.backspaceKey.leftKey.leftKey.leftKey.leftKey.backspaceKey.backspace'!'Key.rightKey.right Key.spaceKey.caps_lockKey.caps_lock','Key.caps_lockKey.caps_lockKey.backspaceKey.backspaceKey.caps_lockKey.caps_lockKey.caps_lock'n'Key.caps_lock'o''n''e'':'Key.downKey.downKey.shiftKey.downKey.downKey.downKey.downKey.downKey.downKey.shiftKey.tabKey.tabKey.ctrl_l'\x13''\x13''\x13'Key.ctrl_l'c''m''d' Key.space
[enter]
Key.enter'p''y' Key.space'm'Key.tabKey.tabKey.tabKey.tab
[enter]
Key.enter's''t''a''t''u''s' Key.spaceKey.backspaceKey.backspace'_''s''e''r''v''e''r'
[enter]
Key.enterKey.backspaceKey.backspaceKey.ctrl_l'\x13'Key.ctrl_lKey.backspaceKey.backspaceKey.ctrl_l'\x1a''\x13'Key.ctrl_lKey.ctrl_l'\x1a'Key.ctrl_lKey.backspaceKey.backspaceKey.shiftKey.tabKey.tabKey.shiftKey.ctrl_l'\x13'Key.ctrl_lKey.ctrl_l'\x1a'Key.ctrl_lKey.ctrl_l'\x13''\x13''\x13'Key.ctrl_lKey.backspaceKey.backspaceKey.backspaceKey.backspaceKey.ctrl_l'\x13'Key.ctrl_lKey.ctrl_l'\x13'Key.ctrl_lKey.shiftKey.tabKey.tabKey.shiftKey.ctrl_l'\x1a''\x13'Key.ctrl_lKey.ctrl_l'\x18'Key.ctrl_l
[enter]
Key.enterKey.ctrl_l'\x16'Key.ctrl_l
[enter]
Key.enterKey.ctrl_l'\x16''\x13''\x13''\x13'Key.ctrl_lKey.backspaceKey.backspaceKey.backspaceKey.backspaceKey.ctrl_l'\x13'Key.ctrl_lKey.ctrl_l'\x01'Key.ctrl_lKey.backspaceKey.backspaceKey.ctrl_l'\x13'Key.ctrl_lKey.ctrl_lKey.ctrl_lKey.ctrl_lKey.ctrl_lKey.ctrl_l'\x01'Key.ctrl_lKey.backspaceKey.backspaceKey.ctrl_l'\x13'Key.ctrl_lKey.ctrl_l'\x01'Key.ctrl_lKey.backspaceKey.backspaceKey.ctrl_l'\x13'Key.ctrl_lKey.ctrl_l'\x01''\x13'Key.ctrl_lKey.backspaceKey.backspaceKey.ctrl_l'\x13''\x13'Key.ctrl_lKey.ctrl_l'\x01'Key.ctrl_lKey.backspaceKey.backspaceKey.ctrl_l'\x13'Key.ctrl_l'c''m''d'
[enter]
Key.enter'p''t' Key.spaceKey.backspaceKey.backspaceKey.backspaceKey.backspace't' Key.space'm'Key.backspaceKey.backspaceKey.backspaceKey.backspace'y'Key.backspaceKey.backspaceKey.backspaceKey.backspace'y' Key.space'm'Key.tabKey.tabKey.tabKey.tab
[enter]
Key.enter'p''a''u''s''e''_''s''e''r''v''e''r'Key.backspaceKey.backspaceKey.backspaceKey.backspaceKey.backspaceKey.backspaceKey.backspaceKey.backspaceKey.backspaceKey.backspaceKey.backspaceKey.backspaceKey.backspace's''t''a''t''u''s''_''s''e''r''v''e''r'
[enter]
Key.enterKey.upKey.up
[enter]
Key.enter
[enter]
Key.enter'w''h''i''l''e' Key.spaceKey.tabKey.tabKey.tabKey.tabKey.ctrl_l'\x13''\x13'Key.ctrl_l'c''m''d'
[enter]
Key.enter'p''t'Key.backspaceKey.backspace'y' Key.space'm'Key.tabKey.tabKey.tabKey.tab
[enter]
Key.enter's''t''a''t''u''s''_''s''e''r''v''e''r'
[enter]
Key.enterKey.ctrl_lKey.ctrl_lKey.backspaceKey.backspaceKey.ctrl_l'\x13'Key.ctrl_l'c''l''m''d'Key.backspaceKey.backspaceKey.backspaceKey.backspaceKey.backspaceKey.backspace'm''d'
[enter]
Key.enterKey.backspaceKey.backspaceKey.backspaceKey.backspaceKey.ctrl_l'\x13'Key.ctrl_lKey.ctrl_l'\x1a''\x1a'Key.ctrl_lKey.ctrl_l'\x1a'Key.ctrl_lKey.ctrl_l'\x18'Key.ctrl_lKey.backspaceKey.backspaceKey.backspaceKey.backspaceKey.ctrl_lKey.ctrl_lKey.ctrl_lKey.ctrl_lKey.ctrl_lKey.ctrl_lKey.ctrl_lKey.ctrl_l'\x13'Key.ctrl_l
[enter]
Key.enterKey.ctrl_l'\x16'Key.ctrl_lKey.downKey.down
[enter]
Key.enterKey.ctrl_l'\x16'Key.ctrl_lKey.ctrl_lKey.leftKey.leftKey.leftKey.leftKey.leftKey.leftKey.leftKey.leftKey.ctrl_lKey.backspaceKey.backspaceKey.upKey.upKey.upKey.upKey.rightKey.rightKey.backspaceKey.backspaceKey.ctrl_l'\x13''\x13''\x13'Key.ctrl_l'c''m'
[enter]
'd'Key.enter'p''y' Key.space'm'Key.tabKey.tabKey.tabKey.tab
[enter]
Key.enter's''t''a''t''u''s''_''s''e''r''v''e''r'
[enter]
Key.enter's''t''a''t'Key.upKey.up
[enter]
Key.enterKey.ctrl_l'\x1a''\x1a''\x1a''\x1a''\x1a''\x1a''\x13''\x13''\x13''\x13'Key.ctrl_lKey.ctrl_lKey.ctrl_lKey.ctrl_lKey.ctrl_l'\x16'Key.ctrl_lKey.ctrl_l'\x1a'Key.ctrl_lKey.ctrl_l'\x13'Key.ctrl_lKey.backspaceKey.backspaceKey.shiftKey.tabKey.tabKey.shiftKey.ctrl_l'\x13'Key.ctrl_l
[enter]
Key.ctrl_lKey.enter'\x16''\x13'Key.ctrl_lKey.backspaceKey.backspaceKey.ctrl_l'\x13'Key.ctrl_l'c''m''d'
[enter]
Key.enter'p''y' Key.space'm'Key.tabKey.tabKey.tabKey.tab
[enter]
Key.enter's''t''a''t''u''s''_''s''e''r''v''e''r'
[enter]
Key.enterKey.upKey.up
[enter]
Key.enterKey.upKey.up
[enter]
Key.enterKey.backspaceKey.backspaceKey.ctrl_l'\x13'Key.ctrl_l'c''m'
[enter]
'd'Key.enter'p''y' Key.space'm'Key.tabKey.tabKey.tabKey.tab
[enter]
Key.enter's''t''a''t''y''s'Key.backspaceKey.backspaceKey.backspaceKey.backspace'u''s''_''s''e''r''v''e''r'
[enter]
Key.enter
[enter]
Key.enter
[enter]
Key.enter
[enter]
Key.enterKey.ctrl_lKey.ctrl_lKey.ctrl_lKey.ctrl_lKey.ctrl_lKey.ctrl_l'\x1a''\x1a''\x1a''\x1a''\x1a''\x1a''\x1a''\x1a''\x1a''\x1a''\x1a''\x1a''\x1a'Key.ctrl_lKey.ctrl_l'\x13''\x13'Key.ctrl_l'c'
[enter]
'm'Key.enter'd''p'Key.backspaceKey.backspaceKey.backspaceKey.backspace'c''m''d'
[enter]
Key.enter'p''y' Key.space'm'Key.tabKey.tabKey.tabKey.tab
[enter]
Key.enter's''t''a''t''u''s''_''s''e''r''v''e''r'
[enter]
Key.enterKey.upKey.upKey.upKey.up
[enter]
Key.enterKey.ctrl_l'\x1a''\x13'Key.ctrl_lKey.ctrl_l'\x1a'Key.shift'\x1a'Key.shift'\x13'Key.ctrl_lKey.ctrl_l'\x13'Key.ctrl_l'p''y' Key.space'm'Key.tabKey.tabKey.tabKey.tab
[enter]
Key.enter's'Key.ctrl_l'\x01'Key.ctrl_l'c''m''d'
[enter]
Key.enter'p''t' Key.space'm'Key.backspaceKey.backspaceKey.backspaceKey.backspaceKey.backspaceKey.backspace'y' Key.space'm'Key.tabKey.tabKey.tabKey.tab
[enter]
Key.enter's''c''m''d'
[enter]
Key.enter'p''t' Key.spaceKey.backspaceKey.backspaceKey.backspaceKey.backspace'y' Key.space'm'Key.tabKey.tabKey.tabKey.tab
[enter]
Key.enter's''t''a''t''u''s''_''s''e''r''v''e''r'
[enter]
Key.enterKey.upKey.up
[enter]
Key.enterKey.upKey.up
[enter]
Key.enter'c''m''d' Key.space'p''y'Key.tabKey.tabKey.tabKey.tabKey.backspaceKey.backspaceKey.backspaceKey.backspaceKey.backspaceKey.backspaceKey.backspaceKey.backspaceKey.backspaceKey.backspace'y''p' Key.spaceKey.backspaceKey.backspaceKey.backspaceKey.backspaceKey.backspaceKey.backspace'p''y' Key.space'm'Key.tabKey.tabKey.tabKey.tab
[enter]
Key.enter's''t''a''t''u''s''_''s''e''r''v''e''r'
[enter]
Key.enter 'y'Key.space'm'Key.tabKey.tabKey.tabKey.tab
[enter]
Key.enter'c''m''d'
[enter]
Key.enter'p''y' Key.spaceKey.tabKey.tabKey.backspaceKey.backspaceKey.backspaceKey.backspaceKey.backspaceKey.backspaceKey.backspaceKey.backspace'm'Key.tabKey.tabKey.tabKey.tab
[enter]
Key.enter's''t''a''t''y''s'Key.backspaceKey.backspaceKey.backspaceKey.backspace'u''s''_''s''e''r''v''e''r'
[enter]
Key.enterKey.ctrl_l'\x1a''\x1a''\x1a''\x1a''\x1a''\x1a''\x1a''\x1a''\x1a''\x1a''\x1a''\x13'Key.ctrl_lKey.ctrl_lKey.ctrl_lKey.ctrl_lKey.ctrl_lKey.ctrl_lKey.ctrl_lKey.ctrl_lKey.ctrl_lKey.ctrl_lKey.ctrl_lKey.ctrl_l'\x1a''\x1a''\x1a''\x1a''\x1a''\x1a''\x1a''\x1a''\x1a''\x1a''\x1a''\x1a''\x1a''\x1a''\x1a''\x1a''\x1a''\x1a''\x1a''\x1a''\x1a''\x1a''\x1a''\x1a''\x1a''\x1a''\x1a''\x1a''\x1a''\x1a''\x1a''\x1a''\x1a''\x1a''\x1a''\x1a''\x1a''\x1a''\x1a''\x1a''\x1a''\x1a''\x1a''\x1a''\x1a''\x1a''\x1a''\x1a''\x13''\x13''\x13''\x13''\x13''\x13'Key.ctrl_lKey.ctrl_lKey.ctrl_lKey.ctrl_lKey.ctrl_lKey.ctrl_lKey.ctrl_lKey.ctrl_lKey.ctrl_lKey.ctrl_lKey.ctrl_lKey.ctrl_lKey.ctrl_l'\x1a''\x1a''\x1a''\x1a''\x1a''\x1a''\x1a''\x1a''\x1a''\x1a''\x1a''\x1a''\x1a''\x1a''\x1a''\x1a''\x1a''\x1a''\x1a''\x1a''\x13'Key.ctrl_lKey.ctrl_l'\x13''\x13'Key.ctrl_l'c''c''m''m'
[enter]
'd''d'Key.enter'p''p''y''y' Key.space'm''m'Key.tabKey.tabKey.tabKey.tab
[enter]

[enter]
Key.enterKey.enter's''s''t''z''a''a'Key.backspaceKey.backspaceKey.backspaceKey.backspaceKey.backspace'a''a''t''t''u''u''s''s''è''è'Key.backspaceKey.backspaceKey.backspace'_''_''s''s''e''e''r''v''v''e''e''r'
[enter]
Key.enterKey.ctrl_l'\x06''\x06''\x06'Key.ctrl_lKey.ctrl_l'c''c''o''o''u''u''c''c''o''o''o''u''u'Key.backspaceKey.backspaceKey.backspaceKey.ctrl_l'\x13''\x13''\x13''\x13''\x13''\x13'Key.ctrl_lKey.ctrl_lKey.ctrl_lKey.ctrl_lKey.ctrl_l'\x1a''\x1a''\x1a''\x1a''\x1a''\x1a''\x1a''\x1a''\x1a''\x1a''\x1a''\x1a''\x1a''\x1a''\x1a''\x1a''\x1a''\x1a'Key.ctrl_lKey.ctrl_lKey.ctrl_l'\x13''\x13'Key.ctrl_lKey.ctrl_lKey.ctrl_lKey.ctrl_l'\x13''\x13''\x13'Key.ctrl_lKey.ctrl_lKey.ctrl_lKey.ctrl_lKey.ctrl_lKey.shiftKey.shiftKey.shiftKey.shiftKey.shiftKey.shiftKey.shiftKey.shiftKey.shiftKey.shiftKey.shiftKey.shiftKey.shiftKey.shift'\x1a''\x1a''\x1a''\x1a''\x1a''\x1a''\x1a''\x1a'Key.shiftKey.ctrl_lKey.ctrl_lKey.ctrl_l'\x13''\x13''\x13'Key.ctrl_lKey.ctrl_lKey.ctrl_lKey.ctrl_lKey.ctrl_lKey.ctrl_lKey.ctrl_l'\x1a''\x1a''\x1a''\x1a''\x1a''\x1a''\x1a'Key.shift'\x1a''\x1a''\x1a''\x1a''\x1a''\x1a''\x1a''\x1a''\x1a''\x1a'Key.shift'\x1a''\x1a''\x1a''\x1a''\x13''\x13'Key.ctrl_lKey.ctrl_lKey.ctrl_lKey.ctrl_l'\x1a''\x1a''\x1a''\x1a'Key.shift'\x1a''\x1a''\x1a''\x1a''\x1a''\x1a''\x1a''\x1a''\x1a''\x1a''\x1a''\x1a''\x1a''\x1a'Key.shift'\x13''\x13''\x13''\x13''\x13'Key.ctrl_lKey.ctrl_lKey.ctrl_lKey.ctrl_lKey.ctrl_lKey.ctrl_lKey.ctrl_lKey.ctrl_lKey.ctrl_lKey.ctrl_lKey.ctrl_lKey.ctrl_lKey.ctrl_lKey.ctrl_lKey.ctrl_l'\x1a''\x1a'Key.ctrl_lKey.ctrl_lKey.ctrl_lKey.ctrl_lKey.ctrl_l'\x1a''\x1a'Key.shift'\x1a''\x1a''\x1a''\x1a''\x1a''\x1a''\x1a'Key.shift'\x13''\x13'Key.ctrl_lKey.ctrl_lKey.ctrl_lKey.ctrl_lKey.ctrl_lKey.ctrl_lKey.ctrl_lKey.ctrl_lKey.ctrl_lKey.ctrl_lKey.ctrl_lKey.ctrl_l'\x1a'Key.shiftKey.shiftKey.shiftKey.shiftKey.shiftKey.shiftKey.shiftKey.shiftKey.shiftKey.shiftKey.shiftKey.shiftKey.shiftKey.shiftKey.shiftKey.shiftKey.shiftKey.shiftKey.shiftKey.shiftKey.ctrl_lKey.ctrl_lKey.ctrl_lKey.ctrl_l'\x13''\x13'Key.ctrl_lKey.ctrl_lKey.ctrl_l'\x03'Key.ctrl_lKey.ctrl_l'\x16'Key.ctrl_lKey.backspaceKey.backspace1Key.ctrl_l'\x13'Key.ctrl_l'c''m''d'
[enter]
Key.enter'p' 'y'Key.space'm'Key.tabKey.tabKey.tabKey.tab
[enter]
Key.enter's''t''a''t''u''s''_''s''e''r''v''e''r'
[enter]
Key.enterKey.backspaceKey.backspace0Key.upKey.upKey.backspaceKey.backspace1Key.ctrl_l'\x13''\x13''\x13''\x13'Key.ctrl_lKey.ctrl_l'\x1a''\x1a''\x1a''\x1a''\x13''\x13''\x13'Key.ctrl_lKey.ctrl_lKey.ctrl_lKey.ctrl_lKey.ctrl_lKey.ctrl_lKey.ctrl_lKey.ctrl_lKey.ctrl_lKey.ctrl_lKey.ctrl_lKey.ctrl_lKey.ctrl_lKey.ctrl_lKey.ctrl_lKey.ctrl_lKey.ctrl_lKey.ctrl_lKey.ctrl_lKey.ctrl_lKey.ctrl_lKey.ctrl_lKey.ctrl_lKey.ctrl_lKey.ctrl_lKey.ctrl_lKey.ctrl_lKey.ctrl_lKey.ctrl_lKey.ctrl_lKey.ctrl_lKey.ctrl_lKey.ctrl_lKey.ctrl_lKey.ctrl_lKey.ctrl_lKey.ctrl_lKey.ctrl_lKey.ctrl_lKey.ctrl_lKey.ctrl_lKey.ctrl_lKey.ctrl_lKey.ctrl_lKey.ctrl_lKey.ctrl_lKey.ctrl_lKey.ctrl_lKey.ctrl_lKey.ctrl_lKey.ctrl_lKey.ctrl_lKey.ctrl_lKey.ctrl_lKey.ctrl_lKey.ctrl_lKey.ctrl_lKey.ctrl_lKey.ctrl_l'\x01'Key.ctrl_lKey.ctrl_l'\x01'Key.ctrl_lKey.deleteKey.delete
[enter]
Key.enter'c''d'Key.backspaceKey.backspace'm''d'
[enter]
Key.enter'p''y' Key.space'm'Key.tabKey.tabKey.tabKey.tab
[enter]
Key.enter's''t''a''t''u''s''_''s''e''r''v''e''r'
[enter]
Key.enter'p' 'y'Key.spaceKey.backspaceKey.backspaceKey.backspaceKey.backspaceKey.backspaceKey.backspace'c''m''d'
[enter]
Key.enter'p''y' Key.space'm'Key.tabKey.tabKey.tabKey.tab
[enter]
Key.enter's''t''a''t''u''s''_''s''e''r''v''e''r'
[enter]
Key.enter'p' 'y'Key.space'm'Key.tabKey.tabKey.tabKey.tab
[enter]
Key.enter'm''a''i''n'Key.backspaceKey.backspaceKey.backspaceKey.backspaceKey.backspaceKey.backspaceKey.backspaceKey.backspaceKey.backspaceKey.backspace'p''a''u''s''e''_''s''e''r''v''e''r'Key.ctrl_lKey.ctrl_lKey.ctrl_lKey.ctrl_lKey.ctrl_lKey.ctrl_lKey.ctrl_lKey.ctrl_lKey.ctrl_lKey.ctrl_lKey.ctrl_lKey.ctrl_lKey.ctrl_lKey.ctrl_lKey.ctrl_lKey.ctrl_lKey.ctrl_lKey.ctrl_lKey.ctrl_lKey.ctrl_lKey.ctrl_lKey.ctrl_lKey.ctrl_l
[enter]
Key.enter
[enter]
Key.enter'i''n'Key.backspaceKey.backspaceKey.backspaceKey.backspaceKey.backspaceKey.backspace's''t''a''t''u''s''_''v'Key.backspaceKey.backspace's''e''r''v''e''r'
[enter]
Key.enter'c''m''d'
[enter]
Key.enter'p''y' Key.space'm'Key.tabKey.tabKey.tabKey.tab
[enter]
Key.enter'h''e''l''p'
[enter]
Key.enterKey.ctrl_lKey.ctrl_lKey.ctrl_lKey.ctrl_lKey.ctrl_lKey.ctrl_lKey.ctrl_lKey.ctrl_lKey.ctrl_lKey.ctrl_lKey.ctrl_lKey.ctrl_lKey.ctrl_lKey.ctrl_lKey.ctrl_lKey.ctrl_lKey.ctrl_lKey.ctrl_lKey.ctrl_lKey.ctrl_lKey.ctrl_lKey.ctrl_lKey.ctrl_lKey.ctrl_lKey.ctrl_lKey.ctrl_lKey.ctrl_lKey.ctrl_lKey.ctrl_lKey.ctrl_lKey.ctrl_lKey.ctrl_l'\x03'Key.ctrl_l
[enter]
Key.enterKey.tabKey.tabKey.tabKey.tabKey.tabKey.tabKey.tabKey.tabKey.tabKey.tabKey.tabKey.tabKey.tabKey.tabKey.tabKey.tabKey.tabKey.tabKey.tabKey.tabKey.tabKey.tabKey.tabKey.tabKey.tabKey.tabKey.tabKey.tabKey.tabKey.tabKey.tabKey.tabKey.tabKey.tabKey.tabKey.tabKey.tabKey.tabKey.tabKey.tabKey.ctrl_l'\x1a'Key.ctrl_lKey.tabKey.tabKey.tabKey.tabKey.tabKey.tabKey.tabKey.tabKey.tabKey.tabKey.tabKey.tabKey.tabKey.tabKey.tabKey.tabKey.tabKey.tabKey.tabKey.tabKey.tabKey.tabKey.tabKey.tabKey.tabKey.tabKey.tabKey.tabKey.tabKey.tabKey.tabKey.tabKey.tabKey.tabKey.tabKey.tabKey.tabKey.tabKey.tabKey.tabKey.tabKey.tabKey.tabKey.tabKey.tabKey.tabKey.tabKey.tabKey.tabKey.tabKey.tabKey.tabKey.tabKey.tabKey.tabKey.tabKey.tabKey.tabKey.ctrl_l'\x1a'Key.ctrl_lKey.tabKey.tab Key.space'-'Key.backspaceKey.backspace'(''o''n' Key.spaceKey.backspaceKey.backspaceKey.backspaceKey.backspaceKey.backspaceKey.backspaceKey.backspaceKey.backspace'o''n' Key.space'r''a'Key.tabKey.tab Key.space'('Key.tabKey.tabKey.ctrl_l'\x13'Key.ctrl_lKey.ctrl_l'\x13'Key.ctrl_lKey.tabKey.tabKey.tabKey.tabKey.tabKey.tabKey.ctrl_l'\x13'Key.ctrl_l'c''m''d'
[enter]
Key.enter'p''y' Key.space'm'Key.tabKey.tabKey.tabKey.tab
[enter]
Key.enter'h''e''l''p'Key.deleteKey.delete Key.spaceKey.backspaceKey.backspace
[enter]
Key.enter'g''i' 't'Key.space'a''d'Key.shift_r'D'Key.shift_r';'
[enter]
Key.enterKey.upKey.upKey.leftKey.left Key.space
[enter]
