Key.ctrl_l'\x03'Key.ctrl_l
[enter]
Key.enter
[enter]
Key.enter
[enter]
Key.enterKey.ctrl_l'\x13'Key.ctrl_lKey.backspaceKey.backspaceKey.tabKey.tab'a'Key.tabKey.tabKey.tabKey.tabKey.ctrl_l'\x13'Key.ctrl_l
[enter]
Key.enter'c''m''d'
[enter]
Key.enter'p''t' Key.spaceKey.backspaceKey.backspaceKey.backspaceKey.backspace't'Key.backspaceKey.backspace'y'Key.tabKey.tabKey.tabKey.tabKey.backspaceKey.backspaceKey.ctrl_l'\x11'Key.ctrl_l's'Key.ctrl_l'\x13''\x13''\x13''\x13'Key.ctrl_lKey.ctrl_l'\x06'Key.ctrl_l's''c''r''o''l''l'
[enter]
Key.enter
[enter]
Key.enter
[enter]
Key.enterKey.upKey.up','Key.downKey.down'o'Key.escKey.escKey.escKey.escKey.escKey.escKey.ctrl_l'\x1a''\x1a''\x1a'Key.ctrl_lKey.ctrl_l'\x01''\x03'Key.ctrl_l'q''u''a''n' 'd'Key.space'j' 'e'Key.space's''c''r''o''l''l' Key.space'e''n' Key.space'b''a' 's'Key.space'j'"'"'a'Key.ctrl_lKey.ctrl_l'i' Key.space'u' 'n''e'Key.space'e''r''r''e''u' 'r'Key.spaceKey.shift_r
[enter]
Key.ctrl_lKey.shift_rKey.enter'\x16'Key.ctrl_l
[enter]
Key.enterKey.ctrl_lKey.ctrl_lKey.ctrl_lKey.ctrl_lKey.ctrl_lKey.ctrl_lKey.ctrl_lKey.ctrl_lKey.ctrl_lKey.ctrl_lKey.ctrl_lKey.ctrl_lKey.ctrl_lKey.ctrl_lKey.ctrl_lKey.ctrl_lKey.ctrl_lKey.ctrl_lKey.ctrl_lKey.ctrl_lKey.ctrl_lKey.ctrl_lKey.ctrl_lKey.ctrl_lKey.ctrl_lKey.ctrl_lKey.ctrl_l'\x03'Key.ctrl_lKey.ctrl_r<191>Key.ctrl_rKey.ctrl_r<191>Key.ctrl_rKey.ctrl_l'\x13'Key.ctrl_lKey.ctrl_l'\x13'Key.ctrl_l'c''m'
[enter]
'd'Key.enter'p''t'Key.backspaceKey.backspace'y' Key.spaceKey.tab'm'Key.tab
[enter]
Key.enterKey.upKey.upKey.ctrl_lKey.backspaceKey.backspaceKey.backspaceKey.backspaceKey.ctrl_l Key.space'm'Key.tabKey.tabKey.tabKey.tab
[enter]
Key.enterKey.ctrl_l'\x1a''\x1a'Key.ctrl_l'p''a''s''s'Key.ctrl_r<191>Key.ctrl_rKey.ctrl_l'\x13'Key.ctrl_l'c''m'
[enter]
'd'Key.enter
[enter]
Key.enter'p''y' Key.space'm'Key.tabKey.tabKey.tabKey.tab
[enter]
Key.enterKey.ctrl_l'\x03''\x03'Key.ctrl_l','','Key.tabKey.tabKey.ctrl_l'\x13''\x13'Key.ctrl_lKey.ctrl_lKey.ctrl_l'\x13''\x13'Key.ctrl_lKey.ctrl_lKey.ctrl_l'\x13'Key.ctrl_l
[enter]
Key.enter'p''y' Key.space'm'Key.tabKey.tabKey.tabKey.tab
[enter]
Key.enterKey.backspaceKey.backspaceKey.menu':'Key.menuKey.ctrl_r<191>Key.ctrl_rKey.ctrl_r<191>Key.ctrl_rKey.ctrl_l'\x13'Key.ctrl_lKey.ctrl_lKey.ctrl_l'j''s''o''n'Key.shift_r'.'Key.shift_rKey.ctrl_lKey.backspaceKey.backspaceKey.backspaceKey.backspaceKey.ctrl_l'd''a''t''a'Key.shift_rKey.shift_r';''j''s''o''n'
[enter]
Key.enter'r''e''a''d'Key.shift_r'.'Key.shift_r'j''k''s'Key.backspaceKey.backspaceKey.backspaceKey.backspace's'
[enter]
Key.enterKey.ctrl_l'\x01''\x03'Key.ctrl_lKey.ctrl_l'\x16'Key.ctrl_l'm''y'Key.ctrl_l'\x13'Key.ctrl_l'm''y'Key.ctrl_lKey.leftKey.leftKey.ctrl_l'm''e' Key.spaceKey.ctrl_lKey.rightKey.rightKey.rightKey.rightKey.shiftKey.backspaceKey.backspaceKey.shiftKey.backspaceKey.backspaceKey.ctrl_lKey.backspaceKey.backspaceKey.ctrl_l'\x13'Key.ctrl_l
[enter]
Key.enter'f'Key.backspaceKey.backspace'f''i''l''r''e'Key.backspaceKey.backspaceKey.escKey.escKey.caps_lockKey.caps_lockKey.caps_lock'j'Key.caps_lock 'e'Key.space'v''o''u''d''r''a''i' 's'Key.space'l''i''r' 'e'Key.space'u' 'n'Key.space'd'Key.backspaceKey.backspace'f''i''c''h''i' 'e''r'Key.space'j''s''o' 'n'Key.space'e''n' Key.space'j''s'
[enter]
'$'Key.enterKey.ctrl_l'\x03'Key.ctrl_l
[enter]
Key.enterKey.ctrl_l'\x16'Key.ctrl_lKey.ctrl_l'\x03'Key.ctrl_lKey.ctrl_l'\x16'Key.ctrl_lKey.ctrl_lKey.ctrl_lKey.tabKey.tabKey.tabKey.tabKey.tabKey.tabKey.tabKey.tab'g''e''r''t'Key.backspaceKey.backspaceKey.ctrl_lKey.backspaceKey.backspaceKey.ctrl_lKey.caps_lockKey.caps_lock'g''e''t'Key.ctrl_l'\x13'Key.ctrl_lKey.backspaceKey.backspace'd''a''t''a'Key.ctrl_lKey.backspaceKey.ctrl_lKey.backspaceKey.caps_lockKey.caps_lock'd''a''r''t'Key.backspaceKey.backspace'a'Key.ctrl_l'\x13'Key.ctrl_lKey.ctrl_l'\x13'Key.ctrl_l'm''y'Key.ctrl_lKey.ctrl_lKey.ctrl_l'\x13'Key.ctrl_lKey.backspaceKey.backspaceKey.rightKey.backspaceKey.rightKey.backspace'm''e''_''m''y'
[enter]
Key.enterKey.shift_r'.''/'Key.shift_rKey.ctrl_l'\x13'Key.ctrl_l
[enter]
Key.enterKey.ctrl_lKey.ctrl_lKey.ctrl_l'\x1a'Key.ctrl_lKey.shift_r'.'Key.shift_rKey.leftKey.leftKey.leftKey.leftKey.shift_r'.''.''/'Key.shift_rKey.ctrl_lKey.ctrl_lKey.ctrl_lKey.ctrl_lKey.ctrl_lKey.ctrl_lKey.ctrl_lKey.ctrl_lKey.leftKey.leftKey.ctrl_lKey.rightKey.rightKey.shift_r'.''.''/'Key.shift_rKey.ctrl_lKey.leftKey.leftKey.ctrl_lKey.rightKey.rightKey.shift_r'.''/'Key.shift_rKey.backspaceKey.backspaceKey.shift_r'.''/'Key.shift_rKey.ctrl_lKey.leftKey.leftKey.ctrl_lKey.rightKey.rightKey.shift_r'.''/'Key.shift_rKey.backspaceKey.backspaceKey.shift_r'.''/'Key.shift_rKey.ctrl_l'\x13'Key.ctrl_lKey.backspaceKey.backspaceKey.backspaceKey.backspaceKey.ctrl_l'\x13'Key.ctrl_lKey.rightKey.rightKey.leftKey.leftKey.shift_r'.''.''/'Key.shift_rKey.ctrl_l'\x13'Key.ctrl_lKey.ctrl_l'\x1a''\x13'Key.ctrl_lKey.ctrl_l'\x1a'Key.ctrl_lKey.backspaceKey.backspaceKey.ctrl_l'\x13'Key.ctrl_lKey.shift_r'.''/'Key.shift_rKey.ctrl_l'\x13'Key.ctrl_lKey.ctrl_lKey.ctrl_lKey.ctrl_l'\x13'Key.ctrl_lKey.caps_lockKey.caps_lockKey.caps_lock'd'Key.caps_lock'o''n' 'c'Key.space't''u' Key.space'l''i' 's'Key.space'u''b''n'Key.backspaceKey.backspace Key.space'f''i''c''h''i' 'e''r'Key.space'e''n' Key.space'l''o''c''a''l' Key.space'a''v''e' 'c'Key.space'f''e''t''c''h' Key.spaceKey.shift_r'?'Key.shift_r
[enter]
Key.enter's''a'Key.backspaceKey.backspaceKey.backspaceKey.backspaceKey.backspaceKey.backspace'e' 'n'Key.space'u''t''i''l''i''s''a''n''t' Key.space'l''e''s' Key.space'f''o''n''c''t''i''o''n' 's'Key.space'n''a''t''i''f' Key.space'd' 'e'Key.space'n''o''d' 'e'Key.space'j'
[enter]
's'Key.enterKey.ctrl_l'\x03'Key.ctrl_lKey.leftKey.left
[enter]
Key.enterKey.upKey.upKey.ctrl_l'\x16'Key.ctrl_lKey.ctrl_l'\x03'Key.ctrl_lKey.ctrl_l'\x16'Key.ctrl_lKey.ctrl_l'\x03'Key.ctrl_lKey.ctrl_l'\x16'Key.ctrl_lKey.backspaceKey.backspaceKey.ctrl_l'\x03'Key.ctrl_lKey.ctrl_lKey.ctrl_lKey.tabKey.tabKey.ctrl_l'\x16''\x13'Key.ctrl_l'"''"''"''"'
[enter]
Key.enterKey.tabKey.tabKey.ctrl_l'\x13'Key.ctrl_l
[enter]
Key.enterKey.tabKey.tabKey.ctrl_l'\x13'Key.ctrl_lKey.backspaceKey.backspaceKey.ctrl_l'\x13'Key.ctrl_lKey.ctrl_l'\x13'Key.ctrl_l's''e''n''d'Key.ctrl_l'\x13'Key.ctrl_lKey.ctrl_l'\x03''\x16''\x13'Key.ctrl_lKey.caps_lockKey.caps_lockKey.caps_lock'j'Key.caps_lock 'e'Key.space'v''o''u''d''r''a''i''s' Key.space'd''é''s''o''r''m''a''i' 's'Key.space'é''c''r''i''r' 'e'Key.space's''a''n' 's'Key.space'é''c''r''a''s''e''r' Key.space's''o' 'n'Key.space'c''o''n''t''e''n''u''e' Key.space'à' Key.space'l' 'a'Key.space's''u''i''t' 'e'Key.space'd''a''n''s' Key.spaceKey.ctrl_lKey.alt_gr'['Key.ctrl_lKey.alt_gr'u''s''e''r''s'Key.ctrl_lKey.alt_gr']'Key.ctrl_lKey.alt_gr
[enter]
Key.enter'"''y'Key.backspaceKey.backspace'u''s''e''r''s'Key.rightKey.rightKey.ctrl_lKey.alt_gr'['Key.ctrl_lKey.alt_grKey.ctrl_lKey.alt_grKey.ctrl_lKey.alt_grKey.backspaceKey.backspaceKey.ctrl_lKey.alt_gr'{'Key.ctrl_lKey.alt_grKey.ctrl_lKey.alt_gr'}'Key.ctrl_lKey.alt_grKey.backspaceKey.backspaceKey.backspaceKey.backspaceKey.ctrl_lKey.alt_gr'['Key.ctrl_lKey.alt_gr
[enter]
Key.enterKey.ctrl_lKey.alt_gr'}'Key.ctrl_lKey.alt_grKey.backspaceKey.backspaceKey.ctrl_lKey.alt_gr'}'Key.ctrl_lKey.alt_grKey.backspaceKey.backspaceKey.ctrl_lKey.alt_grKey.ctrl_lKey.alt_grKey.ctrl_lKey.alt_grKey.ctrl_lKey.alt_gr']'Key.ctrl_lKey.alt_grKey.ctrl_l'\x13'Key.ctrl_l','Key.ctrl_lKey.ctrl_l"'"Key.backspaceKey.backspace'='Key.backspaceKey.backspaceKey.leftKey.left'"'Key.ctrl_lKey.ctrl_lKey.ctrl_lKey.ctrl_lKey.ctrl_lKey.ctrl_lKey.ctrl_lKey.ctrl_lKey.ctrl_lKey.ctrl_lKey.ctrl_lKey.ctrl_lKey.ctrl_lKey.ctrl_lKey.ctrl_lKey.ctrl_lKey.ctrl_l'a'Key.backspaceKey.backspaceKey.backspaceKey.backspaceKey.backspaceKey.backspaceKey.backspaceKey.backspaceKey.ctrl_lKey.ctrl_lKey.ctrl_lKey.ctrl_lKey.ctrl_lKey.ctrl_lKey.ctrl_lKey.ctrl_lKey.ctrl_lKey.ctrl_lKey.ctrl_lKey.ctrl_lKey.ctrl_l'\x13'Key.ctrl_l':'Key.ctrl_l'\x13''\x13''\x13'Key.ctrl_lKey.ctrl_l'\x03'Key.ctrl_l
[enter]
Key.enterKey.upKey.upKey.ctrl_l'\x16'Key.ctrl_lKey.ctrl_l'\x03'Key.ctrl_l
[enter]
Key.enterKey.ctrl_l'\x16'Key.ctrl_lKey.shift_rKey.shift_r';''d''a''t''a'Key.tabKey.tabKey.ctrl_lKey.leftKey.leftKey.leftKey.leftKey.ctrl_lKey.shift_r'/'Key.shift_rKey.ctrl_l'\x13'Key.ctrl_lKey.ctrl_l'\x03'Key.ctrl_lKey.ctrl_l'\x16'Key.ctrl_lKey.ctrl_l'\x13'Key.ctrl_l"'"'"''"'Key.ctrl_l'\x13'Key.ctrl_l
[enter]
Key.enterKey.tabKey.tabKey.ctrl_lKey.ctrl_lKey.ctrl_lKey.ctrl_lKey.backspaceKey.backspaceKey.backspaceKey.backspaceKey.backspaceKey.backspaceKey.backspaceKey.backspaceKey.backspaceKey.backspaceKey.backspaceKey.backspaceKey.ctrl_lKey.backspaceKey.backspaceKey.backspaceKey.backspaceKey.ctrl_l'\x13'Key.ctrl_lKey.tabKey.tabKey.ctrl_l'\x1a''\x1a'Key.ctrl_lKey.ctrl_lKey.ctrl_lKey.ctrl_lKey.ctrl_lKey.ctrl_lKey.ctrl_lKey.ctrl_lKey.ctrl_lKey.ctrl_lKey.ctrl_lKey.ctrl_lKey.ctrl_lKey.ctrl_lKey.ctrl_lKey.ctrl_lKey.ctrl_lKey.ctrl_l'\x1a''\x13'Key.ctrl_lKey.ctrl_l'\x13'Key.ctrl_lKey.ctrl_l'\x03'Key.ctrl_lKey.ctrl_l'\x16'Key.ctrl_lKey.backspaceKey.backspaceKey.ctrl_l'\x13'Key.ctrl_lKey.backspaceKey.backspaceKey.backspaceKey.backspace'+'Key.backspaceKey.backspace
[enter]
Key.enterKey.tabKey.tab
[enter]
Key.enterKey.tabKey.tab
[enter]
Key.enterKey.tabKey.tabKey.ctrl_l'\x13'Key.ctrl_l
[enter]
Key.enterKey.ctrl_lKey.alt_gr'}'Key.ctrl_lKey.alt_grKey.ctrl_l'\x13'Key.ctrl_lKey.ctrl_l'\x13'Key.ctrl_lKey.ctrl_l'\x13'Key.ctrl_lKey.ctrl_l'\x1a''\x1a''\x1a''\x13'Key.ctrl_lKey.ctrl_l'\x03'Key.ctrl_lKey.ctrl_l'\x03'Key.ctrl_lKey.ctrl_l'\x1a'Key.shift'\x1a''\x1a'Key.shiftKey.ctrl_lKey.ctrl_l'\x03'Key.ctrl_lKey.ctrl_l'\x16''\x13'Key.ctrl_lKey.ctrl_lKey.ctrl_lKey.ctrl_lKey.ctrl_lKey.ctrl_lKey.ctrl_lKey.ctrl_lKey.ctrl_lKey.ctrl_lKey.ctrl_lKey.ctrl_lKey.ctrl_lKey.ctrl_lKey.ctrl_lKey.ctrl_lKey.ctrl_lKey.ctrl_lKey.ctrl_lKey.ctrl_lKey.ctrl_lKey.ctrl_lKey.ctrl_lKey.ctrl_lKey.ctrl_lKey.ctrl_lKey.ctrl_lKey.ctrl_lKey.ctrl_lKey.ctrl_lKey.ctrl_lKey.ctrl_lKey.ctrl_lKey.ctrl_lKey.ctrl_lKey.ctrl_lKey.ctrl_lKey.ctrl_lKey.ctrl_lKey.ctrl_lKey.ctrl_lKey.ctrl_lKey.ctrl_lKey.ctrl_lKey.ctrl_lKey.ctrl_lKey.ctrl_lKey.ctrl_lKey.ctrl_lKey.ctrl_lKey.ctrl_lKey.ctrl_lKey.ctrl_lKey.ctrl_lKey.ctrl_lKey.ctrl_lKey.ctrl_lKey.ctrl_lKey.ctrl_lKey.ctrl_lKey.ctrl_lKey.ctrl_lKey.ctrl_lKey.ctrl_lKey.ctrl_lKey.ctrl_lKey.ctrl_lKey.ctrl_l'\x13'Key.ctrl_l
[enter]
Key.enterKey.ctrl_l'\x13'Key.ctrl_lKey.backspaceKey.backspaceKey.ctrl_l'\x1a'Key.ctrl_lKey.backspaceKey.backspaceKey.ctrl_l'\x1a''\x1a''\x1a''\x1a''\x1a'Key.shift'\x1a'Key.shiftKey.ctrl_lKey.backspaceKey.backspaceKey.tabKey.tab'p''r''i''n''t''('Key.tabKey.tabKey.ctrl_l'\x13'Key.ctrl_lKey.ctrl_l'\x13'Key.ctrl_lKey.ctrl_l'\x03'Key.ctrl_lKey.ctrl_l'\x16'Key.ctrl_l't''a''k''e'
[enter]
Key.enterKey.tabKey.tabKey.tabKey.tabKey.tabKey.tabKey.tabKey.tabKey.tabKey.tabKey.ctrl_lKey.ctrl_lKey.ctrl_lKey.ctrl_lKey.ctrl_lKey.ctrl_lKey.ctrl_lKey.ctrl_lKey.ctrl_lKey.ctrl_lKey.ctrl_lKey.ctrl_lKey.ctrl_lKey.ctrl_lKey.ctrl_lKey.ctrl_lKey.ctrl_lKey.ctrl_lKey.ctrl_lKey.ctrl_lKey.ctrl_lKey.ctrl_lKey.ctrl_lKey.ctrl_lKey.ctrl_lKey.ctrl_lKey.ctrl_lKey.ctrl_lKey.ctrl_lKey.ctrl_lKey.ctrl_lKey.ctrl_lKey.ctrl_lKey.ctrl_lKey.ctrl_lKey.ctrl_lKey.ctrl_lKey.ctrl_lKey.ctrl_lKey.ctrl_lKey.ctrl_lKey.ctrl_lKey.ctrl_lKey.ctrl_lKey.ctrl_lKey.ctrl_lKey.ctrl_lKey.ctrl_lKey.ctrl_lKey.ctrl_lKey.ctrl_lKey.ctrl_lKey.ctrl_lKey.ctrl_lKey.ctrl_lKey.ctrl_lKey.ctrl_lKey.ctrl_lKey.ctrl_lKey.ctrl_lKey.ctrl_lKey.ctrl_lKey.ctrl_lKey.ctrl_lKey.ctrl_lKey.ctrl_lKey.ctrl_lKey.ctrl_lKey.ctrl_lKey.ctrl_l'\x18'Key.ctrl_lKey.tabKey.tabKey.tabKey.tabKey.backspaceKey.backspace'c''o''s''n''t' Key.space'd''a''t''a''_''r''e''c''e''i''v''e' Key.space'=' Key.spaceKey.ctrl_l'\x16'Key.ctrl_lKey.ctrl_lKey.leftKey.leftKey.ctrl_lKey.ctrl_lKey.leftKey.leftKey.ctrl_lKey.caps_lockKey.caps_lock'j''s''o''n'Key.caps_lockKey.caps_lockKey.shift_r'.'Key.shift_rKey.caps_lockKey.caps_lock['^']Key.caps_lockKey.caps_lock'p'Key.backspaceKey.backspaceKey.backspaceKey.backspaceKey.caps_lockKey.caps_lock'p'Key.caps_lockKey.caps_lock'a'
[enter]
Key.enterKey.ctrl_lKey.alt_grKey.ctrl_lKey.alt_gr"'"Key.ctrl_lKey.ctrl_lKey.backspaceKey.backspaceKey.ctrl_lKey.shiftKey.rightKey.rightKey.rightKey.rightKey.shiftKey.ctrl_l'('Key.ctrl_lKey.ctrl_l's'Key.ctrl_l'\x03'Key.ctrl_lKey.ctrl_l'\x16''\x13'Key.ctrl_lKey.ctrl_l'\x03'Key.ctrl_lKey.ctrl_l'\x16'Key.ctrl_l
[enter]
Key.enterKey.ctrl_l'\x13'Key.ctrl_lKey.ctrl_l'\x13'Key.ctrl_lKey.ctrl_l'\x03'Key.ctrl_lKey.ctrl_l'\x16''\x13'Key.ctrl_l'c''o''n''s''o''l''e'Key.shift_r'.'Key.shift_r'l''o''g'Key.ctrl_l'\x13'Key.ctrl_l
[enter]
Key.enter'c''n''o''s''o''l''e'Key.shift_rKey.shift_r';''l''o''g''(''"''o''l'Key.ctrl_l'\x13'Key.ctrl_lKey.ctrl_r<191>Key.ctrl_rKey.ctrl_lKey.ctrl_lKey.ctrl_lKey.ctrl_lKey.ctrl_lKey.ctrl_lKey.ctrl_lKey.ctrl_l'\x13'Key.ctrl_lKey.ctrl_l'\x1a''\x1a''\x1a''\x1a''\x1a''\x1a''\x1a''\x1a''\x1a''\x1a'Key.ctrl_lKey.ctrl_lKey.shift'\x1a''\x1a'Key.shiftKey.ctrl_lKey.ctrl_l'\x13'Key.ctrl_lKey.ctrl_l'\x03'Key.ctrl_lKey.ctrl_l'\x13'Key.ctrl_lKey.ctrl_l'\x16''\x13'Key.ctrl_lKey.ctrl_r<191>Key.ctrl_r
[enter]
Key.enter'r''e''s'Key.tabKey.tabKey.tabKey.tabKey.ctrl_l'\x13'Key.ctrl_lKey.tabKey.tabKey.tabKey.tabKey.tabKey.tabKey.tabKey.tabKey.tabKey.tabKey.ctrl_l'\x03'Key.ctrl_lKey.ctrl_l'\x16''\x13'Key.ctrl_l
[enter]
Key.enterKey.ctrl_l'\x03'Key.ctrl_lKey.ctrl_l'\x16''\x13'Key.ctrl_lKey.ctrl_lKey.ctrl_lKey.ctrl_lKey.ctrl_l'\x03'Key.ctrl_lKey.tabKey.tabKey.tabKey.tabKey.tabKey.tabKey.tabKey.tabKey.ctrl_l'\x13'Key.ctrl_lKey.ctrl_l'\x03'Key.ctrl_l
[enter]
Key.enterKey.ctrl_l'\x16'Key.ctrl_l'i'Key.backspaceKey.backspace'j' 'e'Key.space'v''o''u''d''r''a''i' 's'Key.space'i''m''p''o''r' 't'Key.space'j''s''o''n' Key.space's''u''r' Key.space'n''o' 'd''e'Key.space'j'
[enter]
's'Key.enter
[enter]
Key.enterKey.ctrl_l'\x1a'Key.ctrl_lKey.ctrl_l'\x13'Key.ctrl_lKey.ctrl_lKey.ctrl_lKey.ctrl_lKey.ctrl_lKey.ctrl_lKey.ctrl_lKey.ctrl_lKey.ctrl_lKey.ctrl_lKey.ctrl_lKey.ctrl_lKey.ctrl_lKey.ctrl_lKey.ctrl_lKey.ctrl_lKey.ctrl_lKey.ctrl_lKey.ctrl_lKey.ctrl_lKey.ctrl_lKey.ctrl_lKey.ctrl_lKey.ctrl_lKey.ctrl_lKey.ctrl_lKey.ctrl_lKey.ctrl_lKey.ctrl_lKey.ctrl_lKey.ctrl_lKey.ctrl_l'\x18'Key.ctrl_l
[enter]
Key.enterKey.ctrl_l'\x16''\x13'Key.ctrl_lKey.ctrl_r<191>Key.ctrl_rKey.ctrl_l'\x13'Key.ctrl_lKey.ctrl_l'\x03'Key.ctrl_lKey.ctrl_l'\x16''\x13'Key.ctrl_l'j' 'e'Key.space'v''o''u''d''r''a''i' 's'Key.space'c''o''n''v''e''r''t''i''r' Key.space'u' 'n'Key.space's''r'Key.backspaceKey.backspace't''r''i''n' 'g'Key.space'e' 'n'Key.space
[enter]
Key.enterKey.ctrl_l'\x03'Key.ctrl_lKey.ctrl_l'\x16'Key.ctrl_l Key.space'j''s''o''n'
[enter]
Key.enterKey.tabKey.tabKey.ctrl_lKey.ctrl_lKey.ctrl_lKey.ctrl_lKey.ctrl_lKey.ctrl_lKey.ctrl_lKey.ctrl_lKey.ctrl_l'\x04'Key.ctrl_l 'j''e'Key.space'v''o''u''d''r''a''i' 's'Key.space's''i''m''p''l''e''m''e''n' 't'Key.space'e''c''r''i''r' 'e'Key.space'd''a''n' 's'Key.space'u' 'n'Key.space'f''i''c''h''i' 'e''r'Key.spaceKey.shift_r'.'Key.shift_r't''x''t' Key.space's''a''n''s' Key.space'e''c''r''a''s''e' 'r'Key.space'l' 'a'Key.spaceKey.ctrl_lKey.backspaceKey.backspaceKey.ctrl_l'c' 'e'Key.space'q''u'"'"'i''l' Key.space 'y'Key.space 'a'Key.space
[enter]
Key.enterKey.ctrl_l'\x03'Key.ctrl_lKey.ctrl_l'\x03'Key.ctrl_lKey.ctrl_l'\x16'Key.ctrl_lKey.ctrl_l'\x13'Key.ctrl_lKey.shift_r'.''/'Key.shift_r'd''a''t''a'Key.shift_r'.'Key.shift_r'j''s''o''n'Key.ctrl_l'\x13'Key.ctrl_lKey.backspaceKey.backspaceKey.rightKey.ctrl_lKey.rightKey.rightKey.rightKey.ctrl_lKey.ctrl_lKey.rightKey.rightKey.ctrl_lKey.backspaceKey.backspaceKey.backspaceKey.backspaceKey.backspaceKey.backspaceKey.backspaceKey.backspaceKey.backspaceKey.backspaceKey.shift_r'.'Key.shift_r't''x''t'
[enter]
Key.enter't''x''t'Key.ctrl_l'\x13'Key.ctrl_l't''x''t'Key.ctrl_l'\x13'Key.ctrl_l'r''e''q'Key.shift_rKey.shift_r';''b''o''d''y' Key.space'+' Key.spaceKey.backspaceKey.backspaceKey.ctrl_l'\x13'Key.ctrl_l's''t''i''r''n''g''-''('Key.backspaceKey.backspaceKey.ctrl_lKey.rightKey.rightKey.rightKey.rightKey.ctrl_l')'Key.ctrl_l'\x13'Key.ctrl_lKey.ctrl_l'\x1a''\x1a''\x1a''\x13'Key.ctrl_lKey.ctrl_l'\x13'Key.ctrl_lKey.tabKey.tab'c''o''n''s''o''l''e'Key.shift_r'.'Key.shift_r'l''o''g''('Key.tabKey.tabKey.ctrl_l'\x13'Key.ctrl_lKey.ctrl_lKey.ctrl_lKey.ctrl_lKey.ctrl_lKey.ctrl_lKey.ctrl_lKey.ctrl_lKey.ctrl_lKey.ctrl_lKey.ctrl_lKey.ctrl_lKey.ctrl_lKey.ctrl_l'\x1a'Key.ctrl_lKey.ctrl_l'\x1a'Key.ctrl_lKey.ctrl_l'\x1a'Key.ctrl_lKey.ctrl_l'\x1a'Key.ctrl_lKey.ctrl_l'\x1a'Key.ctrl_l'd''a''t' 'a'Key.space'=' Key.spaceKey.tabKey.tabKey.ctrl_l'\x13'Key.ctrl_l
[enter]
Key.enter'c''o''n''s''o''l''e'Key.tabKey.tabKey.ctrl_lKey.ctrl_lKey.tabKey.tabKey.ctrl_l'\x13'Key.ctrl_lKey.ctrl_l'\x03'Key.ctrl_lKey.backspaceKey.backspaceKey.ctrl_lKey.ctrl_lKey.ctrl_l'\x1a'Key.ctrl_lKey.backspaceKey.backspaceKey.ctrl_l'\x03'Key.ctrl_lKey.ctrl_l'\x16''\x13'Key.ctrl_lKey.backspaceKey.backspaceKey.downKey.downKey.backspaceKey.backspaceKey.ctrl_l'\x13'Key.ctrl_lKey.ctrl_l'\x13'Key.ctrl_lKey.ctrl_l'\x13'Key.ctrl_lKey.ctrl_lKey.ctrl_lKey.ctrl_lKey.ctrl_lKey.ctrl_l'\x03'Key.ctrl_lKey.ctrl_l'\x16'Key.ctrl_lKey.ctrl_l'\x13'Key.ctrl_lKey.backspaceKey.backspaceKey.backspaceKey.backspaceKey.ctrl_l'\x03'Key.ctrl_lKey.ctrl_l'\x16''\x13'Key.ctrl_lKey.ctrl_l'\x03'Key.ctrl_lKey.ctrl_l'\x16''\x13'Key.ctrl_lKey.ctrl_lKey.ctrl_lKey.backspaceKey.backspaceKey.backspaceKey.backspaceKey.ctrl_l'\x13'Key.ctrl_lKey.ctrl_l'\x13'Key.ctrl_l'g''i''t' Key.space'a''d'Key.shift_r 'D'Key.spaceKey.shift_r';'
[enter]
Key.enter'g''i' 't'Key.space'c''o''m''m''i' 't'Key.space'-' 'm'Key.space'"''f''k'Key.backspaceKey.backspace'l''e''m''m''e'
[enter]
Key.enter'"'
[enter]
Key.enter'n''a''y''w''v''i'
[enter]
Key.enter'g''i''t' Key.space'p''u''s''j'
[enter]
Key.enter'g''i''t' Key.space'p''u''s''h'
[enter]
Key.enterKey.ctrl_lKey.ctrl_lKey.ctrl_lKey.ctrl_lKey.ctrl_lKey.ctrl_lKey.ctrl_lKey.ctrl_lKey.ctrl_lKey.ctrl_lKey.ctrl_lKey.ctrl_lKey.ctrl_lKey.ctrl_lKey.ctrl_lKey.ctrl_lKey.ctrl_lKey.ctrl_lKey.ctrl_lKey.ctrl_lKey.ctrl_lKey.ctrl_lKey.ctrl_lKey.ctrl_lKey.ctrl_lKey.ctrl_lKey.ctrl_lKey.ctrl_lKey.ctrl_lKey.ctrl_lKey.ctrl_lKey.ctrl_lKey.ctrl_lKey.ctrl_lKey.ctrl_lKey.ctrl_lKey.ctrl_lKey.ctrl_lKey.ctrl_lKey.ctrl_lKey.ctrl_lKey.ctrl_lKey.ctrl_lKey.ctrl_lKey.ctrl_lKey.ctrl_lKey.ctrl_lKey.ctrl_lKey.ctrl_lKey.ctrl_lKey.ctrl_lKey.ctrl_lKey.ctrl_lKey.ctrl_lKey.ctrl_lKey.ctrl_lKey.ctrl_lKey.ctrl_lKey.ctrl_lKey.ctrl_lKey.ctrl_lKey.ctrl_lKey.ctrl_lKey.ctrl_lKey.ctrl_lKey.ctrl_lKey.ctrl_lKey.ctrl_lKey.ctrl_lKey.ctrl_lKey.ctrl_lKey.ctrl_lKey.ctrl_lKey.ctrl_lKey.ctrl_lKey.ctrl_lKey.ctrl_lKey.ctrl_lKey.ctrl_lKey.ctrl_lKey.ctrl_lKey.ctrl_lKey.ctrl_lKey.ctrl_lKey.ctrl_lKey.ctrl_lKey.ctrl_lKey.ctrl_lKey.ctrl_lKey.ctrl_lKey.ctrl_lKey.ctrl_lKey.ctrl_lKey.ctrl_lKey.ctrl_lKey.ctrl_lKey.ctrl_lKey.ctrl_lKey.ctrl_lKey.ctrl_lKey.ctrl_lKey.ctrl_lKey.ctrl_lKey.ctrl_lKey.ctrl_lKey.ctrl_lKey.ctrl_lKey.ctrl_lKey.ctrl_lKey.ctrl_lKey.ctrl_lKey.ctrl_lKey.ctrl_lKey.ctrl_lKey.ctrl_lKey.ctrl_lKey.ctrl_lKey.ctrl_lKey.ctrl_lKey.ctrl_lKey.ctrl_lKey.ctrl_lKey.ctrl_lKey.ctrl_lKey.ctrl_lKey.ctrl_lKey.ctrl_lKey.ctrl_lKey.ctrl_lKey.ctrl_lKey.ctrl_lKey.ctrl_lKey.ctrl_lKey.ctrl_lKey.ctrl_lKey.ctrl_lKey.ctrl_lKey.ctrl_lKey.ctrl_lKey.ctrl_lKey.ctrl_l'c''l'
[enter]
's'Key.enter'g''i''t' Key.space'd''a' 'd'Key.shift_rKey.space'.'Key.shift_r
[enter]
Key.enterKey.upKey.upKey.upKey.upKey.upKey.upKey.upKey.upKey.upKey.upKey.upKey.up
[enter]
Key.enter'g''i' 't'Key.space'p''y''u'Key.backspaceKey.backspace's''h'
[enter]
Key.enterKey.ctrl_lKey.ctrl_lKey.ctrl_lKey.ctrl_lKey.ctrl_lKey.ctrl_lKey.ctrl_lKey.ctrl_lKey.ctrl_lKey.ctrl_lKey.ctrl_lKey.ctrl_lKey.ctrl_lKey.ctrl_lKey.ctrl_lKey.ctrl_lKey.ctrl_lKey.ctrl_lKey.ctrl_lKey.ctrl_lKey.ctrl_lKey.ctrl_lKey.ctrl_lKey.ctrl_lKey.ctrl_lKey.ctrl_lKey.ctrl_lKey.ctrl_lKey.ctrl_lKey.ctrl_lKey.ctrl_lKey.ctrl_lKey.ctrl_lKey.ctrl_lKey.ctrl_lKey.ctrl_lKey.ctrl_lKey.ctrl_lKey.ctrl_lKey.ctrl_lKey.ctrl_lKey.ctrl_lKey.ctrl_lKey.ctrl_lKey.ctrl_lKey.ctrl_lKey.ctrl_lKey.ctrl_lKey.ctrl_lKey.ctrl_lKey.ctrl_lKey.ctrl_lKey.ctrl_lKey.ctrl_lKey.ctrl_lKey.ctrl_lKey.ctrl_lKey.ctrl_lKey.ctrl_lKey.ctrl_lKey.ctrl_lKey.ctrl_lKey.ctrl_lKey.ctrl_lKey.ctrl_lKey.ctrl_lKey.ctrl_lKey.ctrl_lKey.ctrl_lKey.ctrl_lKey.ctrl_lKey.ctrl_lKey.ctrl_lKey.ctrl_lKey.ctrl_lKey.ctrl_lKey.ctrl_lKey.ctrl_lKey.ctrl_lKey.ctrl_lKey.ctrl_lKey.ctrl_lKey.ctrl_lKey.ctrl_lKey.ctrl_lKey.ctrl_lKey.ctrl_lKey.ctrl_lKey.ctrl_lKey.ctrl_lKey.ctrl_lKey.ctrl_lKey.ctrl_lKey.ctrl_lKey.ctrl_lKey.ctrl_lKey.ctrl_lKey.ctrl_lKey.ctrl_lKey.ctrl_lKey.ctrl_lKey.ctrl_lKey.ctrl_lKey.ctrl_lKey.ctrl_lKey.ctrl_lKey.ctrl_lKey.ctrl_lKey.ctrl_lKey.ctrl_lKey.ctrl_lKey.ctrl_lKey.ctrl_lKey.ctrl_lKey.ctrl_lKey.ctrl_lKey.ctrl_lKey.ctrl_lKey.ctrl_lKey.ctrl_lKey.ctrl_lKey.ctrl_lKey.ctrl_lKey.ctrl_lKey.ctrl_lKey.ctrl_lKey.ctrl_lKey.ctrl_lKey.ctrl_lKey.ctrl_lKey.ctrl_lKey.ctrl_lKey.ctrl_lKey.ctrl_lKey.ctrl_lKey.ctrl_lKey.ctrl_lKey.ctrl_lKey.ctrl_lKey.ctrl_lKey.ctrl_lKey.ctrl_lKey.ctrl_lKey.ctrl_lKey.ctrl_lKey.ctrl_lKey.ctrl_lKey.ctrl_lKey.ctrl_lKey.ctrl_lKey.ctrl_lKey.ctrl_lKey.ctrl_lKey.ctrl_lKey.ctrl_lKey.ctrl_lKey.ctrl_lKey.ctrl_lKey.ctrl_lKey.ctrl_lKey.ctrl_lKey.ctrl_lKey.ctrl_lKey.ctrl_lKey.ctrl_lKey.ctrl_lKey.ctrl_lKey.ctrl_lKey.ctrl_lKey.ctrl_lKey.ctrl_lKey.ctrl_lKey.ctrl_lKey.ctrl_lKey.ctrl_lKey.ctrl_lKey.ctrl_lKey.ctrl_lKey.ctrl_lKey.ctrl_lKey.ctrl_lKey.ctrl_lKey.ctrl_lKey.ctrl_lKey.ctrl_lKey.ctrl_lKey.ctrl_lKey.ctrl_lKey.ctrl_lKey.ctrl_lKey.ctrl_lKey.ctrl_lKey.ctrl_lKey.ctrl_lKey.ctrl_lKey.ctrl_lKey.ctrl_lKey.ctrl_lKey.ctrl_lKey.ctrl_lKey.ctrl_lKey.ctrl_lKey.ctrl_lKey.ctrl_lKey.ctrl_lKey.ctrl_lKey.ctrl_lKey.ctrl_lKey.ctrl_lKey.ctrl_lKey.ctrl_lKey.ctrl_lKey.ctrl_lKey.ctrl_lKey.ctrl_lKey.ctrl_lKey.ctrl_lKey.ctrl_lKey.ctrl_lKey.ctrl_lKey.ctrl_lKey.ctrl_lKey.ctrl_lKey.ctrl_lKey.ctrl_lKey.ctrl_lKey.ctrl_lKey.ctrl_lKey.ctrl_lKey.ctrl_lKey.ctrl_lKey.ctrl_lKey.ctrl_lKey.ctrl_lKey.ctrl_lKey.ctrl_lKey.ctrl_lKey.ctrl_lKey.ctrl_lKey.ctrl_lKey.ctrl_lKey.ctrl_lKey.ctrl_lKey.ctrl_lKey.ctrl_lKey.ctrl_lKey.ctrl_lKey.ctrl_lKey.ctrl_lKey.ctrl_lKey.ctrl_lKey.ctrl_lKey.ctrl_lKey.ctrl_lKey.ctrl_lKey.ctrl_lKey.ctrl_lKey.ctrl_lKey.ctrl_lKey.ctrl_lKey.ctrl_lKey.ctrl_lKey.ctrl_lKey.ctrl_lKey.ctrl_lKey.ctrl_lKey.ctrl_lKey.ctrl_lKey.ctrl_lKey.ctrl_lKey.ctrl_lKey.ctrl_lKey.ctrl_lKey.ctrl_lKey.ctrl_lKey.ctrl_lKey.ctrl_lKey.ctrl_lKey.ctrl_lKey.ctrl_lKey.ctrl_lKey.ctrl_lKey.ctrl_lKey.ctrl_lKey.ctrl_lKey.ctrl_lKey.ctrl_lKey.ctrl_lKey.ctrl_lKey.ctrl_lKey.ctrl_lKey.ctrl_lKey.ctrl_lKey.ctrl_lKey.ctrl_lKey.ctrl_lKey.ctrl_lKey.ctrl_lKey.ctrl_lKey.ctrl_lKey.ctrl_lKey.ctrl_lKey.ctrl_lKey.ctrl_lKey.ctrl_lKey.ctrl_lKey.ctrl_lKey.ctrl_lKey.ctrl_lKey.ctrl_lKey.ctrl_lKey.ctrl_lKey.ctrl_lKey.ctrl_lKey.ctrl_lKey.ctrl_lKey.ctrl_lKey.ctrl_lKey.ctrl_lKey.ctrl_lKey.ctrl_lKey.ctrl_lKey.ctrl_lKey.ctrl_lKey.ctrl_lKey.ctrl_lKey.ctrl_lKey.ctrl_lKey.ctrl_lKey.ctrl_lKey.ctrl_lKey.ctrl_lKey.ctrl_lKey.ctrl_lKey.ctrl_lKey.ctrl_lKey.ctrl_lKey.ctrl_lKey.ctrl_lKey.ctrl_lKey.ctrl_lKey.ctrl_lKey.ctrl_lKey.ctrl_lKey.ctrl_lKey.ctrl_lKey.ctrl_lKey.ctrl_lKey.ctrl_lKey.ctrl_lKey.ctrl_lKey.ctrl_lKey.ctrl_lKey.ctrl_lKey.ctrl_lKey.ctrl_lKey.ctrl_lKey.ctrl_lKey.ctrl_lKey.ctrl_lKey.ctrl_lKey.ctrl_lKey.ctrl_lKey.ctrl_lKey.ctrl_lKey.ctrl_lKey.ctrl_lKey.ctrl_lKey.ctrl_lKey.ctrl_lKey.ctrl_lKey.ctrl_lKey.ctrl_lKey.ctrl_lKey.ctrl_lKey.ctrl_lKey.ctrl_lKey.ctrl_lKey.ctrl_lKey.ctrl_lKey.ctrl_lKey.ctrl_lKey.ctrl_lKey.ctrl_lKey.ctrl_lKey.ctrl_lKey.ctrl_lKey.ctrl_lKey.ctrl_lKey.ctrl_lKey.ctrl_lKey.ctrl_lKey.ctrl_lKey.ctrl_lKey.ctrl_lKey.ctrl_lKey.ctrl_lKey.ctrl_lKey.ctrl_lKey.ctrl_lKey.ctrl_lKey.ctrl_lKey.ctrl_lKey.ctrl_lKey.ctrl_lKey.ctrl_lKey.ctrl_lKey.ctrl_lKey.ctrl_lKey.ctrl_lKey.ctrl_lKey.ctrl_lKey.ctrl_lKey.ctrl_lKey.ctrl_lKey.ctrl_lKey.ctrl_lKey.ctrl_lKey.upKey.upKey.upKey.upKey.upKey.up
[enter]
